Determining if the pthread_create exist failed with the following output:
Change Dir: /home/yliu2/gazebo_plugin_tutorial/build/CMakeFiles/CMakeTmp

Run Build Command:"/usr/bin/make" "cmTC_3244f/fast"
/usr/bin/make -f CMakeFiles/cmTC_3244f.dir/build.make CMakeFiles/cmTC_3244f.dir/build
make[1]: Entering directory '/home/yliu2/gazebo_plugin_tutorial/build/CMakeFiles/CMakeTmp'
Building C object CMakeFiles/cmTC_3244f.dir/CheckSymbolExists.c.o
/usr/bin/cc    -o CMakeFiles/cmTC_3244f.dir/CheckSymbolExists.c.o   -c /home/yliu2/gazebo_plugin_tutorial/build/CMakeFiles/CMakeTmp/CheckSymbolExists.c
Linking C executable cmTC_3244f
/usr/bin/cmake -E cmake_link_script CMakeFiles/cmTC_3244f.dir/link.txt --verbose=1
/usr/bin/cc      -rdynamic CMakeFiles/cmTC_3244f.dir/CheckSymbolExists.c.o  -o cmTC_3244f 
CMakeFiles/cmTC_3244f.dir/CheckSymbolExists.c.o: In function `main':
CheckSymbolExists.c:(.text+0x1b): undefined reference to `pthread_create'
collect2: error: ld returned 1 exit status
CMakeFiles/cmTC_3244f.dir/build.make:97: recipe for target 'cmTC_3244f' failed
make[1]: *** [cmTC_3244f] Error 1
make[1]: Leaving directory '/home/yliu2/gazebo_plugin_tutorial/build/CMakeFiles/CMakeTmp'
Makefile:126: recipe for target 'cmTC_3244f/fast' failed
make: *** [cmTC_3244f/fast] Error 2

File /home/yliu2/gazebo_plugin_tutorial/build/CMakeFiles/CMakeTmp/CheckSymbolExists.c:
/* */
#include <pthread.h>

int main(int argc, char** argv)
{
  (void)argv;
#ifndef pthread_create
  return ((int*)(&pthread_create))[argc];
#else
  (void)argc;
  return 0;
#endif
}

Determining if the function pthread_create exists in the pthreads failed with the following output:
Change Dir: /home/yliu2/gazebo_plugin_tutorial/build/CMakeFiles/CMakeTmp

Run Build Command:"/usr/bin/make" "cmTC_e2ed6/fast"
/usr/bin/make -f CMakeFiles/cmTC_e2ed6.dir/build.make CMakeFiles/cmTC_e2ed6.dir/build
make[1]: Entering directory '/home/yliu2/gazebo_plugin_tutorial/build/CMakeFiles/CMakeTmp'
Building C object CMakeFiles/cmTC_e2ed6.dir/CheckFunctionExists.c.o
/usr/bin/cc   -DCHECK_FUNCTION_EXISTS=pthread_create   -o CMakeFiles/cmTC_e2ed6.dir/CheckFunctionExists.c.o   -c /usr/share/cmake-3.10/Modules/CheckFunctionExists.c
Linking C executable cmTC_e2ed6
/usr/bin/cmake -E cmake_link_script CMakeFiles/cmTC_e2ed6.dir/link.txt --verbose=1
/usr/bin/cc  -DCHECK_FUNCTION_EXISTS=pthread_create    -rdynamic CMakeFiles/cmTC_e2ed6.dir/CheckFunctionExists.c.o  -o cmTC_e2ed6 -lpthreads 
/usr/bin/ld: cannot find -lpthreads
collect2: error: ld returned 1 exit status
CMakeFiles/cmTC_e2ed6.dir/build.make:97: recipe for target 'cmTC_e2ed6' failed
make[1]: *** [cmTC_e2ed6] Error 1
make[1]: Leaving directory '/home/yliu2/gazebo_plugin_tutorial/build/CMakeFiles/CMakeTmp'
Makefile:126: recipe for target 'cmTC_e2ed6/fast' failed
make: *** [cmTC_e2ed6/fast] Error 2


Determining if the pthread_create exist failed with the following output:
Change Dir: /home/yliu2/gazebo_plugin_tutorial/build/CMakeFiles/CMakeTmp

Run Build Command:"/usr/bin/make" "cmTC_b66fd/fast"
make[1]: Entering directory '/home/yliu2/gazebo_plugin_tutorial/build/CMakeFiles/CMakeTmp'
/usr/bin/make -f CMakeFiles/cmTC_b66fd.dir/build.make CMakeFiles/cmTC_b66fd.dir/build
make[2]: Entering directory '/home/yliu2/gazebo_plugin_tutorial/build/CMakeFiles/CMakeTmp'
Building C object CMakeFiles/cmTC_b66fd.dir/CheckSymbolExists.c.o
/usr/bin/cc    -o CMakeFiles/cmTC_b66fd.dir/CheckSymbolExists.c.o   -c /home/yliu2/gazebo_plugin_tutorial/build/CMakeFiles/CMakeTmp/CheckSymbolExists.c
Linking C executable cmTC_b66fd
/usr/bin/cmake -E cmake_link_script CMakeFiles/cmTC_b66fd.dir/link.txt --verbose=1
/usr/bin/cc      -rdynamic CMakeFiles/cmTC_b66fd.dir/CheckSymbolExists.c.o  -o cmTC_b66fd 
CMakeFiles/cmTC_b66fd.dir/CheckSymbolExists.c.o: In function `main':
CheckSymbolExists.c:(.text+0x1b): undefined reference to `pthread_create'
collect2: error: ld returned 1 exit status
CMakeFiles/cmTC_b66fd.dir/build.make:97: recipe for target 'cmTC_b66fd' failed
make[2]: *** [cmTC_b66fd] Error 1
make[2]: Leaving directory '/home/yliu2/gazebo_plugin_tutorial/build/CMakeFiles/CMakeTmp'
Makefile:126: recipe for target 'cmTC_b66fd/fast' failed
make[1]: *** [cmTC_b66fd/fast] Error 2
make[1]: Leaving directory '/home/yliu2/gazebo_plugin_tutorial/build/CMakeFiles/CMakeTmp'

File /home/yliu2/gazebo_plugin_tutorial/build/CMakeFiles/CMakeTmp/CheckSymbolExists.c:
/* */
#include <pthread.h>

int main(int argc, char** argv)
{
  (void)argv;
#ifndef pthread_create
  return ((int*)(&pthread_create))[argc];
#else
  (void)argc;
  return 0;
#endif
}

Determining if the function pthread_create exists in the pthreads failed with the following output:
Change Dir: /home/yliu2/gazebo_plugin_tutorial/build/CMakeFiles/CMakeTmp

Run Build Command:"/usr/bin/make" "cmTC_b15e0/fast"
make[1]: Entering directory '/home/yliu2/gazebo_plugin_tutorial/build/CMakeFiles/CMakeTmp'
/usr/bin/make -f CMakeFiles/cmTC_b15e0.dir/build.make CMakeFiles/cmTC_b15e0.dir/build
make[2]: Entering directory '/home/yliu2/gazebo_plugin_tutorial/build/CMakeFiles/CMakeTmp'
Building C object CMakeFiles/cmTC_b15e0.dir/CheckFunctionExists.c.o
/usr/bin/cc   -DCHECK_FUNCTION_EXISTS=pthread_create   -o CMakeFiles/cmTC_b15e0.dir/CheckFunctionExists.c.o   -c /usr/share/cmake-3.10/Modules/CheckFunctionExists.c
Linking C executable cmTC_b15e0
/usr/bin/cmake -E cmake_link_script CMakeFiles/cmTC_b15e0.dir/link.txt --verbose=1
/usr/bin/cc  -DCHECK_FUNCTION_EXISTS=pthread_create    -rdynamic CMakeFiles/cmTC_b15e0.dir/CheckFunctionExists.c.o  -o cmTC_b15e0 -lpthreads 
/usr/bin/ld: cannot find -lpthreads
collect2: error: ld returned 1 exit status
CMakeFiles/cmTC_b15e0.dir/build.make:97: recipe for target 'cmTC_b15e0' failed
make[2]: *** [cmTC_b15e0] Error 1
make[2]: Leaving directory '/home/yliu2/gazebo_plugin_tutorial/build/CMakeFiles/CMakeTmp'
Makefile:126: recipe for target 'cmTC_b15e0/fast' failed
make[1]: *** [cmTC_b15e0/fast] Error 2
make[1]: Leaving directory '/home/yliu2/gazebo_plugin_tutorial/build/CMakeFiles/CMakeTmp'


